** Message: 07:25:11.128: environement.vala:58: Exporting primary_variable
** Message: 07:25:11.128: environement.vala:59: desktop_environnement XDG_CURRENT_DESKTOP
** Message: 07:25:11.128: environement.vala:150: confir_dirs is null, export : /etc/xdg
** Message: 07:25:11.128: environement.vala:184: Exporting XDG_CONFIG_DIRS
** Message: 07:25:11.128: environement.vala:218: custom_data :
** Message: 07:25:11.129: environement.vala:219: data_dirs :/usr/share/fkms:/usr/local/share:/usr/share/raspi-ui-overrides:/usr/share:/usr/share/gdm:/var/lib/menu-xdg
** Message: 07:25:11.129: environement.vala:220: data_dirs not null, export : /usr/share/fkms:/usr/local/share:/usr/share/raspi-ui-overrides:/usr/share:/usr/share/gdm:/var/lib/menu-xdg
** Message: 07:25:11.129: environement.vala:225: Exporting XDG_DATA_DIRS
** Message: 07:25:11.130: utils.vala:127: User config used : /home/resl/.config/lxsession/LXDE-pi/desktop.conf
** Message: 07:25:11.130: utils.vala:148: Final file used : /home/resl/.config/lxsession/LXDE-pi/desktop.conf
** Message: 07:25:11.130: utils.vala:39: Config system location : /etc/xdg/lxsession/LXDE-pi
** Message: 07:25:11.131: utils.vala:45: System system path location : /etc/xdg/lxsession/LXDE-pi/desktop.conf
** Message: 07:25:11.134: settings.vala:540: Key file does not have key “iGtk/ColorScheme” in group “GTK”
** Message: 07:25:11.134: settings.vala:540: Key file does not have key “windows_manager/command” in group “Session”
** Message: 07:25:11.134: settings.vala:540: Key file does not have key “panel/command” in group “Session”
** Message: 07:25:11.134: settings.vala:540: Key file does not have key “dock/command” in group “Session”
** Message: 07:25:11.134: settings.vala:540: Key file does not have key “file_manager/command” in group “Session”
** Message: 07:25:11.134: settings.vala:540: Key file does not have key “desktop_manager/command” in group “Session”
** Message: 07:25:11.134: settings.vala:540: Key file does not have key “launcher_manager/autostart” in group “Session”
** Message: 07:25:11.134: settings.vala:540: Key file does not have key “composite_manager/command” in group “Session”
** Message: 07:25:11.134: settings.vala:540: Key file does not have key “im1/command” in group “Session”
** Message: 07:25:11.134: settings.vala:540: Key file does not have key “im2/command” in group “Session”
** Message: 07:25:11.134: settings.vala:540: Key file does not have key “widget1/command” in group “Session”
** Message: 07:25:11.134: settings.vala:540: Key file does not have key “notification/command” in group “Session”
** Message: 07:25:11.134: settings.vala:540: Key file does not have key “keybindings/command” in group “Session”
** Message: 07:25:11.134: settings.vala:540: Key file does not have key “im_manager/command” in group “Session”
** Message: 07:25:11.134: settings.vala:540: Key file does not have key “screensaver/command” in group “Session”
** Message: 07:25:11.134: settings.vala:540: Key file does not have key “power_manager/command” in group “Session”
** Message: 07:25:11.134: settings.vala:540: Key file does not have key “audio_manager/command” in group “Session”
** Message: 07:25:11.135: settings.vala:540: Key file does not have key “workspace_manager/command” in group “Session”
** Message: 07:25:11.135: settings.vala:540: Key file does not have key “screenshot_manager/command” in group “Session”
** Message: 07:25:11.135: settings.vala:540: Key file does not have key “message_manager/command” in group “Session”
** Message: 07:25:11.135: settings.vala:540: Key file does not have key “upgrade_manager/command” in group “Session”
** Message: 07:25:11.135: settings.vala:540: Key file does not have key “updates_manager/command” in group “Session”
** Message: 07:25:11.135: settings.vala:540: Key file does not have key “updates_manager/timeout” in group “Session”
** Message: 07:25:11.135: settings.vala:540: Key file does not have key “crash_manager/command” in group “Session”
** Message: 07:25:11.135: settings.vala:540: Key file does not have key “crash_manager/dev_mode” in group “Session”
** Message: 07:25:11.135: settings.vala:540: Key file does not have key “crash_manager/timeout” in group “Session”
** Message: 07:25:11.135: settings.vala:540: Key file does not have key “upstart_user_session” in group “Session”
** Message: 07:25:11.135: settings.vala:540: Key file does not have key “proxy_manager/http” in group “Session”
** Message: 07:25:11.135: settings.vala:540: Key file does not have key “a11y/command” in group “Session”
** Message: 07:25:11.135: settings.vala:540: Key file does not have key “xrandr/command” in group “Session”
** Message: 07:25:11.135: settings.vala:540: Key file does not have key “network_gui/command” in group “Session”
** Message: 07:25:11.135: settings.vala:540: Key file does not have key “webbrowser/command” in group “Session”
** Message: 07:25:11.135: settings.vala:540: Key file does not have key “email/command” in group “Session”
** Message: 07:25:11.135: settings.vala:540: Key file does not have key “pdf_reader/command” in group “Session”
** Message: 07:25:11.135: settings.vala:540: Key file does not have key “video_player/command” in group “Session”
** Message: 07:25:11.135: settings.vala:540: Key file does not have key “audio_player/command” in group “Session”
** Message: 07:25:11.135: settings.vala:540: Key file does not have key “image_display/command” in group “Session”
** Message: 07:25:11.135: settings.vala:540: Key file does not have key “text_editor/command” in group “Session”
** Message: 07:25:11.135: settings.vala:540: Key file does not have key “archive/command” in group “Session”
** Message: 07:25:11.135: settings.vala:540: Key file does not have key “charmap/command” in group “Session”
** Message: 07:25:11.135: settings.vala:540: Key file does not have key “calculator/command” in group “Session”
** Message: 07:25:11.135: settings.vala:540: Key file does not have key “spreadsheet/command” in group “Session”
** Message: 07:25:11.135: settings.vala:540: Key file does not have key “bittorent/command” in group “Session”
** Message: 07:25:11.135: settings.vala:540: Key file does not have key “document/command” in group “Session”
** Message: 07:25:11.136: settings.vala:540: Key file does not have key “webcam/command” in group “Session”
** Message: 07:25:11.136: settings.vala:540: Key file does not have key “burn/command” in group “Session”
** Message: 07:25:11.136: settings.vala:540: Key file does not have key “notes/command” in group “Session”
** Message: 07:25:11.136: settings.vala:540: Key file does not have key “disk_utility/command” in group “Session”
** Message: 07:25:11.136: settings.vala:540: Key file does not have key “tasks/command” in group “Session”
** Message: 07:25:11.136: settings.vala:540: Key file does not have group “Keymap”
** Message: 07:25:11.136: settings.vala:540: Key file does not have key “laptop_mode” in group “State”
** Message: 07:25:11.136: settings.vala:540: Key file does not have key “gnome” in group “Dbus”
** Message: 07:25:11.136: settings.vala:540: Key file does not have key “type” in group “Environment”
** Message: 07:25:11.136: settings.vala:540: Key file does not have key “ubuntu_menuproxy” in group “Environment”
** Message: 07:25:11.136: settings.vala:540: Key file does not have key “toolkit_integration” in group “Environment”
** Message: 07:25:11.136: settings.vala:540: Key file does not have key “gtk/overlay_scrollbar_disable” in group “Environment”
** Message: 07:25:11.136: settings.vala:540: Key file does not have key “qt/force_theme” in group “Environment”
** Message: 07:25:11.136: settings.vala:540: Key file does not have key “qt/platform” in group “Environment”
** Message: 07:25:11.136: settings.vala:462: Monitoring: /home/resl/.config/lxsession/LXDE-pi/desktop.conf
** Message: 07:25:11.137: settings.vala:466: Desktop file is already in config home, do nothing
** Message: 07:25:11.137: environement.vala:79: Exporting variable
** Message: 07:25:11.137: environement.vala:80: desktop_environnement XDG_CURRENT_DESKTOP
** Message: 07:25:11.137: environement.vala:177: custom_config :
** Message: 07:25:11.137: environement.vala:178: config_dirs :/etc/xdg
** Message: 07:25:11.137: environement.vala:179: confir_dirs not null, export : /etc/xdg
** Message: 07:25:11.137: environement.vala:184: Exporting XDG_CONFIG_DIRS
** Message: 07:25:11.137: environement.vala:218: custom_data :
** Message: 07:25:11.137: environement.vala:219: data_dirs :/usr/share/fkms:/usr/local/share:/usr/share/raspi-ui-overrides:/usr/share:/usr/share/gdm:/var/lib/menu-xdg
** Message: 07:25:11.137: environement.vala:220: data_dirs not null, export : /usr/share/fkms:/usr/local/share:/usr/share/raspi-ui-overrides:/usr/share:/usr/share/gdm:/var/lib/menu-xdg
** Message: 07:25:11.137: environement.vala:225: Exporting XDG_DATA_DIRS
** Message: 07:25:11.137: utils.vala:39: Config system location : /etc/xdg/lxsession/LXDE-pi
** Message: 07:25:11.137: utils.vala:45: System system path location : /etc/xdg/lxsession/LXDE-pi/desktop.conf
** Message: 07:25:11.137: environement.vala:254: No entry in [Environment_variable]. Key file does not have group “Environment_variable”

** (lxsession:745): WARNING **: 07:25:11.141: process.vala:49: Failed to execute child process “xprop” (No such file or directory)

** (lxsession:745): WARNING **: 07:25:11.141: process.vala:50: Error when launching xprop
** Message: 07:25:11.141: utils.vala:138: Config system location : /etc/xdg/lxsession/LXDE-pi
** Message: 07:25:11.141: utils.vala:144: System system path location : /etc/xdg/lxsession/LXDE-pi/conffiles.conf
** Message: 07:25:11.141: utils.vala:148: Final file used : /etc/xdg/lxsession/LXDE-pi/conffiles.conf
** Message: 07:25:11.141: options.vala:164: Activate xsettings_manager build-in
** Message: 07:25:11.141: utils.vala:39: Config system location : /etc/xdg/lxsession/LXDE-pi
** Message: 07:25:11.141: utils.vala:45: System system path location : /etc/xdg/lxsession/LXDE-pi/desktop.conf
** Message: 07:25:11.157: app.vala:728: polkit separate
** Message: 07:25:11.157: app.vala:728: polkit separate
** Message: 07:25:11.165: app.vala:76: Launching lxpolkit 
** Message: 07:25:11.165: utils.vala:138: Config system location : /etc/xdg/lxsession/LXDE-pi
** Message: 07:25:11.165: utils.vala:144: System system path location : /etc/xdg/lxsession/LXDE-pi/autostart
** Message: 07:25:11.165: utils.vala:148: Final file used : /etc/xdg/lxsession/LXDE-pi/autostart
** Message: 07:25:11.165: autostart.vala:42: Autostart path : /etc/xdg/lxsession/LXDE-pi/autostart
** Message: 07:25:11.178: app.vala:76: Launching lxpanel 
** Message: 07:25:11.189: app.vala:76: Launching pcmanfm 

** (lxsession:745): WARNING **: 07:25:11.193: app.vala:86: Failed to execute child process “xscreensaver” (No such file or directory)

** (lxsession:745): WARNING **: 07:25:11.193: app.vala:87: Error when launching xscreensaver
** Message: 07:25:11.200: options.vala:107: Create build-in Clipboard
** Message: 07:25:11.202: main.vala:450: Check keymap_mode (null)
** Message: 07:25:11.211: app.vala:76: Launching /usr/bin/ssh-agent 
SSH_AUTH_SOCK=/tmp/ssh-YIOTBwDrAJjP/agent.878; export SSH_AUTH_SOCK;
SSH_AGENT_PID=891; export SSH_AGENT_PID;
echo Agent pid 891;
** Message: 07:25:11.341: app.vala:130: /usr/bin/ssh-agent exit with this type of exit: 0
** Message: 07:25:12.205: x-terminal-emulator has very limited support, consider choosing another terminal
** Message: 07:25:12.364: x-terminal-emulator has very limited support, consider choosing another terminal
grep: /home/resl/.config/lxpanel/LXDE-pi/panels/*: No such file or directory

(mutter:868): Clutter-WARNING **: 07:25:12.844: Bogus presentation time 0 travelled back in time, using current time.
** Message: 07:25:13.374: netman: network manager service not running; plugin hidden
** Message: 07:25:13.405: Connecting ...
** Message: 07:25:13.405: Status changed to down

** (lxpanel:873): CRITICAL **: 07:25:13.405: dhcpcd_open: Inappropriate ioctl for device
** Message: 07:25:13.574: ptbatt: battery 0 not found
** Message: 07:25:13.985: app.vala:130: lxpanel exit with this type of exit: 11
** Message: 07:25:13.985: app.vala:148: Exit not normal, try to reload
** Message: 07:25:13.989: app.vala:76: Launching lxpanel 
** Message: 07:25:14.130: x-terminal-emulator has very limited support, consider choosing another terminal
grep: /home/resl/.config/lxpanel/LXDE-pi/panels/*: No such file or directory
** Message: 07:25:14.446: netman: network manager service not running; plugin hidden
** Message: 07:25:14.474: Connecting ...
** Message: 07:25:14.474: Status changed to down

** (lxpanel:1110): CRITICAL **: 07:25:14.474: dhcpcd_open: Inappropriate ioctl for device
** Message: 07:25:14.605: ptbatt: battery 0 not found
** Message: 07:25:14.823: app.vala:130: lxpanel exit with this type of exit: 11
** Message: 07:25:14.824: app.vala:148: Exit not normal, try to reload
** Message: 07:25:14.828: app.vala:76: Launching lxpanel 
** Message: 07:25:14.982: x-terminal-emulator has very limited support, consider choosing another terminal
grep: /home/resl/.config/lxpanel/LXDE-pi/panels/*: No such file or directory
** Message: 07:25:15.313: netman: network manager service not running; plugin hidden
** Message: 07:25:15.341: Connecting ...
** Message: 07:25:15.341: Status changed to down

** (lxpanel:1223): CRITICAL **: 07:25:15.341: dhcpcd_open: Inappropriate ioctl for device
** Message: 07:25:15.472: ptbatt: battery 0 not found
** Message: 07:25:15.668: app.vala:130: lxpanel exit with this type of exit: 11
** Message: 07:25:15.668: app.vala:148: Exit not normal, try to reload
** Message: 07:25:15.671: app.vala:76: Launching lxpanel 
** Message: 07:25:15.820: x-terminal-emulator has very limited support, consider choosing another terminal
grep: /home/resl/.config/lxpanel/LXDE-pi/panels/*: No such file or directory
** Message: 07:25:16.152: netman: network manager service not running; plugin hidden
** Message: 07:25:16.178: Connecting ...
** Message: 07:25:16.178: Status changed to down

** (lxpanel:1336): CRITICAL **: 07:25:16.179: dhcpcd_open: Inappropriate ioctl for device
** Message: 07:25:16.301: ptbatt: battery 0 not found
** Message: 07:25:16.485: app.vala:130: lxpanel exit with this type of exit: 11
** Message: 07:25:16.485: app.vala:148: Exit not normal, try to reload
** Message: 07:25:16.488: app.vala:76: Launching lxpanel 
** Message: 07:25:16.659: x-terminal-emulator has very limited support, consider choosing another terminal
grep: /home/resl/.config/lxpanel/LXDE-pi/panels/*: No such file or directory
** Message: 07:25:16.993: netman: network manager service not running; plugin hidden
** Message: 07:25:17.019: Connecting ...
** Message: 07:25:17.019: Status changed to down

** (lxpanel:1449): CRITICAL **: 07:25:17.019: dhcpcd_open: Inappropriate ioctl for device
** Message: 07:25:17.143: ptbatt: battery 0 not found
** Message: 07:25:17.325: app.vala:130: lxpanel exit with this type of exit: 11
** Message: 07:25:17.325: app.vala:148: Exit not normal, try to reload
** Message: 07:25:17.328: app.vala:76: Launching lxpanel 
** Message: 07:25:17.475: x-terminal-emulator has very limited support, consider choosing another terminal
grep: /home/resl/.config/lxpanel/LXDE-pi/panels/*: No such file or directory
** Message: 07:25:17.802: netman: network manager service not running; plugin hidden
** Message: 07:25:17.828: Connecting ...
** Message: 07:25:17.828: Status changed to down

** (lxpanel:1565): CRITICAL **: 07:25:17.828: dhcpcd_open: Inappropriate ioctl for device
** Message: 07:25:17.950: ptbatt: battery 0 not found
** Message: 07:25:18.142: app.vala:130: lxpanel exit with this type of exit: 11
** Message: 07:25:18.142: app.vala:148: Exit not normal, try to reload
** Message: 07:25:18.142: app.vala:156: Application crashed too much, stop reloading
