*
* Visual Studio Code Server
*
* By using the software, you agree to
* the Visual Studio Code Server License Terms (https://aka.ms/vscode-server-license) and
* the Microsoft Privacy Statement (https://privacy.microsoft.com/en-US/privacystatement).
*
Server bound to 127.0.0.1:41827 (IPv4)
Extension host agent listening on 41827

[09:47:54] 




[09:47:54] Extension host agent started.
[09:47:55] Migrating extensions from old default profile location file:///home/resl/.vscode-server/data/User/extensions.json
[09:47:55] Migrated extensions from old default profile location to new location file:///home/resl/.vscode-server/data/User/extensions.json file:///home/resl/.vscode-server/extensions/extensions.json
[09:47:56] [127.0.0.1][d1e3a38e][ManagementConnection] New connection established.
[09:47:56] [127.0.0.1][d6adecdb][ExtensionHostConnection] New connection established.
[09:47:56] [127.0.0.1][d6adecdb][ExtensionHostConnection] <13612> Launched Extension Host Process.
[IPC Library: Pty Host]  WARN Shell integration cannot be enabled for executable "/bin/sh" and args [
  '-c',
  'wget --version > /dev/null\n' +
    'if [ $? -eq 0 ]\n' +
    'then\n' +
    "\twget --connect-timeout=7 --tries=1 --dns-timeout=7 -q --header='Metadata:true' -O - http://169.254.169.254/metadata/instance?api-version=2019-03-11\n" +
    'else\n' +
    '\tcurl --version > /dev/null\n' +
    '\tif [ $? -eq 0 ]\n' +
    '\tthen\n' +
    "\t\tcurl --connect-timeout 7 -s --header='Metadata:true' http://169.254.169.254/metadata/instance?api-version=2019-03-11\n" +
    '\tfi\n' +
    'fi\n' +
    'exit 0'
]
[IPC Library: Pty Host]  WARN Shell integration cannot be enabled for executable "/bin/sh" and args [
  '-c',
  'wget --version > /dev/null\n' +
    'if [ $? -eq 0 ]\n' +
    'then\n' +
    '\twget --connect-timeout=7 --tries=1 --dns-timeout=7 -q  -O - http://169.254.169.254/latest/meta-data/instance-id\n' +
    'else\n' +
    '\tcurl --version > /dev/null\n' +
    '\tif [ $? -eq 0 ]\n' +
    '\tthen\n' +
    '\t\tcurl --connect-timeout 7 -s  http://169.254.169.254/latest/meta-data/instance-id\n' +
    '\tfi\n' +
    'fi\n' +
    'exit 0'
]
[IPC Library: Pty Host]  WARN Shell integration cannot be enabled for executable "/bin/sh" and args [
  '-c',
  'wget --version > /dev/null\n' +
    'if [ $? -eq 0 ]\n' +
    'then\n' +
    '\twget --connect-timeout=7 --tries=1 --dns-timeout=7 -q  -O - http://169.254.169.254/metadata/v1/id\n' +
    'else\n' +
    '\tcurl --version > /dev/null\n' +
    '\tif [ $? -eq 0 ]\n' +
    '\tthen\n' +
    '\t\tcurl --connect-timeout 7 -s  http://169.254.169.254/metadata/v1/id\n' +
    '\tfi\n' +
    'fi\n' +
    'exit 0'
]
[IPC Library: Pty Host]  WARN Shell integration cannot be enabled for executable "/bin/sh" and args [
  '-c',
  'wget --version > /dev/null\n' +
    'if [ $? -eq 0 ]\n' +
    'then\n' +
    "\twget --connect-timeout=7 --tries=1 --dns-timeout=7 -q --header='Metadata-Flavor:Google' -O - http://metadata.google.internal/computeMetadata/v1/instance/id\n" +
    'else\n' +
    '\tcurl --version > /dev/null\n' +
    '\tif [ $? -eq 0 ]\n' +
    '\tthen\n' +
    "\t\tcurl --connect-timeout 7 -s --header='Metadata-Flavor:Google' http://metadata.google.internal/computeMetadata/v1/instance/id\n" +
    '\tfi\n' +
    'fi\n' +
    'exit 0'
]
[09:48:05] [127.0.0.1][d1e3a38e][ManagementConnection] The client has disconnected gracefully, so the connection will be disposed.
[09:48:05] [127.0.0.1][d6adecdb][ExtensionHostConnection] <13612> Extension Host Process exited with code: 0, signal: null.
Cancelling previous shutdown timeout
[09:48:05] Cancelling previous shutdown timeout
Last EH closed, waiting before shutting down
[09:48:05] Last EH closed, waiting before shutting down
Got delay-shutdown request while in shutdown timeout, delaying
[09:48:10] Got delay-shutdown request while in shutdown timeout, delaying
Cancelling previous shutdown timeout
[09:48:10] Cancelling previous shutdown timeout
[09:48:10] [127.0.0.1][8500e368][ManagementConnection] New connection established.
[09:48:11] [127.0.0.1][0992532b][ExtensionHostConnection] New connection established.
[09:48:11] [127.0.0.1][0992532b][ExtensionHostConnection] <13714> Launched Extension Host Process.
rejected promise not handled within 1 second: CodeExpectedError: Could not find pty on pty host
stack trace: CodeExpectedError: Could not find pty on pty host
    at g.O (/home/resl/.vscode-server/bin/660393deaaa6d1996740ff4880f1bad43768c814/out/vs/platform/terminal/node/ptyHostMain.js:28:7243)
    at g.updateTitle (/home/resl/.vscode-server/bin/660393deaaa6d1996740ff4880f1bad43768c814/out/vs/platform/terminal/node/ptyHostMain.js:28:2685)
    at g.Q.<computed> (/home/resl/.vscode-server/bin/660393deaaa6d1996740ff4880f1bad43768c814/out/vs/platform/terminal/node/ptyHostMain.js:27:22460)
    at Object.call (/home/resl/.vscode-server/bin/660393deaaa6d1996740ff4880f1bad43768c814/out/vs/platform/terminal/node/ptyHostMain.js:17:4866)
    at u.s (/home/resl/.vscode-server/bin/660393deaaa6d1996740ff4880f1bad43768c814/out/vs/platform/terminal/node/ptyHostMain.js:15:5150)
    at u.q (/home/resl/.vscode-server/bin/660393deaaa6d1996740ff4880f1bad43768c814/out/vs/platform/terminal/node/ptyHostMain.js:15:4661)
    at i.value (/home/resl/.vscode-server/bin/660393deaaa6d1996740ff4880f1bad43768c814/out/vs/platform/terminal/node/ptyHostMain.js:15:4066)
    at E.w (/home/resl/.vscode-server/bin/660393deaaa6d1996740ff4880f1bad43768c814/out/vs/platform/terminal/node/ptyHostMain.js:10:1902)
    at E.fire (/home/resl/.vscode-server/bin/660393deaaa6d1996740ff4880f1bad43768c814/out/vs/platform/terminal/node/ptyHostMain.js:10:2119)
    at process.G (/home/resl/.vscode-server/bin/660393deaaa6d1996740ff4880f1bad43768c814/out/vs/platform/terminal/node/ptyHostMain.js:8:27085)
    at process.emit (node:events:513:28)
    at emit (node:internal/child_process:939:14)
    at processTicksAndRejections (node:internal/process/task_queues:84:21)
[09:48:14] Error [CodeExpectedError]: Could not find pty on pty host
    at g.O (/home/resl/.vscode-server/bin/660393deaaa6d1996740ff4880f1bad43768c814/out/vs/platform/terminal/node/ptyHostMain.js:28:7243)
    at g.updateTitle (/home/resl/.vscode-server/bin/660393deaaa6d1996740ff4880f1bad43768c814/out/vs/platform/terminal/node/ptyHostMain.js:28:2685)
    at g.Q.<computed> (/home/resl/.vscode-server/bin/660393deaaa6d1996740ff4880f1bad43768c814/out/vs/platform/terminal/node/ptyHostMain.js:27:22460)
    at Object.call (/home/resl/.vscode-server/bin/660393deaaa6d1996740ff4880f1bad43768c814/out/vs/platform/terminal/node/ptyHostMain.js:17:4866)
    at u.s (/home/resl/.vscode-server/bin/660393deaaa6d1996740ff4880f1bad43768c814/out/vs/platform/terminal/node/ptyHostMain.js:15:5150)
    at u.q (/home/resl/.vscode-server/bin/660393deaaa6d1996740ff4880f1bad43768c814/out/vs/platform/terminal/node/ptyHostMain.js:15:4661)
    at i.value (/home/resl/.vscode-server/bin/660393deaaa6d1996740ff4880f1bad43768c814/out/vs/platform/terminal/node/ptyHostMain.js:15:4066)
    at E.w (/home/resl/.vscode-server/bin/660393deaaa6d1996740ff4880f1bad43768c814/out/vs/platform/terminal/node/ptyHostMain.js:10:1902)
    at E.fire (/home/resl/.vscode-server/bin/660393deaaa6d1996740ff4880f1bad43768c814/out/vs/platform/terminal/node/ptyHostMain.js:10:2119)
    at process.G (/home/resl/.vscode-server/bin/660393deaaa6d1996740ff4880f1bad43768c814/out/vs/platform/terminal/node/ptyHostMain.js:8:27085)
    at process.emit (node:events:513:28)
    at emit (node:internal/child_process:939:14)
    at processTicksAndRejections (node:internal/process/task_queues:84:21)
[IPC Library: Pty Host]  WARN Shell integration cannot be enabled for executable "/bin/sh" and args [
  '-c',
  'wget --version > /dev/null\n' +
    'if [ $? -eq 0 ]\n' +
    'then\n' +
    "\twget --connect-timeout=7 --tries=1 --dns-timeout=7 -q --header='Metadata:true' -O - http://169.254.169.254/metadata/instance?api-version=2019-03-11\n" +
    'else\n' +
    '\tcurl --version > /dev/null\n' +
    '\tif [ $? -eq 0 ]\n' +
    '\tthen\n' +
    "\t\tcurl --connect-timeout 7 -s --header='Metadata:true' http://169.254.169.254/metadata/instance?api-version=2019-03-11\n" +
    '\tfi\n' +
    'fi\n' +
    'exit 0'
]
[IPC Library: Pty Host]  WARN Shell integration cannot be enabled for executable "/bin/sh" and args [
  '-c',
  'wget --version > /dev/null\n' +
    'if [ $? -eq 0 ]\n' +
    'then\n' +
    '\twget --connect-timeout=7 --tries=1 --dns-timeout=7 -q  -O - http://169.254.169.254/latest/meta-data/instance-id\n' +
    'else\n' +
    '\tcurl --version > /dev/null\n' +
    '\tif [ $? -eq 0 ]\n' +
    '\tthen\n' +
    '\t\tcurl --connect-timeout 7 -s  http://169.254.169.254/latest/meta-data/instance-id\n' +
    '\tfi\n' +
    'fi\n' +
    'exit 0'
]
[IPC Library: Pty Host]  WARN Shell integration cannot be enabled for executable "/bin/sh" and args [
  '-c',
  'wget --version > /dev/null\n' +
    'if [ $? -eq 0 ]\n' +
    'then\n' +
    '\twget --connect-timeout=7 --tries=1 --dns-timeout=7 -q  -O - http://169.254.169.254/metadata/v1/id\n' +
    'else\n' +
    '\tcurl --version > /dev/null\n' +
    '\tif [ $? -eq 0 ]\n' +
    '\tthen\n' +
    '\t\tcurl --connect-timeout 7 -s  http://169.254.169.254/metadata/v1/id\n' +
    '\tfi\n' +
    'fi\n' +
    'exit 0'
]
[IPC Library: Pty Host]  WARN Shell integration cannot be enabled for executable "/bin/sh" and args [
  '-c',
  'wget --version > /dev/null\n' +
    'if [ $? -eq 0 ]\n' +
    'then\n' +
    "\twget --connect-timeout=7 --tries=1 --dns-timeout=7 -q --header='Metadata-Flavor:Google' -O - http://metadata.google.internal/computeMetadata/v1/instance/id\n" +
    'else\n' +
    '\tcurl --version > /dev/null\n' +
    '\tif [ $? -eq 0 ]\n' +
    '\tthen\n' +
    "\t\tcurl --connect-timeout 7 -s --header='Metadata-Flavor:Google' http://metadata.google.internal/computeMetadata/v1/instance/id\n" +
    '\tfi\n' +
    'fi\n' +
    'exit 0'
]
New EH opened, aborting shutdown
[09:53:10] New EH opened, aborting shutdown
[13:45:09] [127.0.0.1][0992532b][ExtensionHostConnection] <13714> Extension Host Process exited with code: 0, signal: null.
Last EH closed, waiting before shutting down
[13:45:09] Last EH closed, waiting before shutting down
Last EH closed, shutting down
[13:50:09] Last EH closed, shutting down
